<?xml version="1.0" encoding="UTF-8"?>
<!-- Generated by org.testng.reporters.JUnitXMLReporter -->
<testsuite hostname="DESKTOP-R0517D8" ignored="0" name="Application Test" tests="4" failures="0" timestamp="10 Feb 2019 05:31:03 GMT" time="42.866" errors="0">
  <testcase name="practic01" time="2.855" classname="TestCases.TestCase_01"/>
  <testcase name="TC02_Verify_CheckIn_ErrorMessage" time="10.71" classname="TestCases.TestCase_02"/>
  <testcase name="TC03_Verify_CheckOut_ErrorMessage" time="3.73" classname="TestCases.TestCase_03"/>
  <testcase name="TC04_Verify_Hotel" time="4.709" classname="TestCases.TestCase_04"/>
</testsuite> <!-- Application Test -->
